{"/Users/seb4jk/Documents/Python_Dev/Monitoreo_Dv/products/src/app.js": {"path":"/Users/seb4jk/Documents/Python_Dev/Monitoreo_Dv/products/src/app.js","statementMap":{"0":{"start":{"line":5,"column":12},"end":{"line":5,"column":21}},"1":{"start":{"line":6,"column":0},"end":{"line":6,"column":26}},"2":{"start":{"line":8,"column":17},"end":{"line":8,"column":19}},"3":{"start":{"line":10,"column":0},"end":{"line":12,"column":2}},"4":{"start":{"line":11,"column":4},"end":{"line":11,"column":22}},"5":{"start":{"line":14,"column":0},"end":{"line":25,"column":2}},"6":{"start":{"line":16,"column":15},"end":{"line":16,"column":45}},"7":{"start":{"line":17,"column":21},"end":{"line":17,"column":29}},"8":{"start":{"line":19,"column":4},"end":{"line":22,"column":5}},"9":{"start":{"line":24,"column":4},"end":{"line":24,"column":38}}},"fnMap":{"0":{"name":"(anonymous_0)","decl":{"start":{"line":10,"column":20},"end":{"line":10,"column":21}},"loc":{"start":{"line":10,"column":34},"end":{"line":12,"column":1}},"line":10},"1":{"name":"(anonymous_1)","decl":{"start":{"line":14,"column":21},"end":{"line":14,"column":22}},"loc":{"start":{"line":14,"column":35},"end":{"line":25,"column":1}},"line":14}},"branchMap":{},"s":{"0":2,"1":2,"2":2,"3":2,"4":1,"5":2,"6":1,"7":1,"8":1,"9":1},"f":{"0":1,"1":1},"b":{},"_coverageSchema":"1a1c01bbd47fc00a2c39e90264f33305004495a9","hash":"c1ee5cdacfd369b3927f7101ad5bb1901380e159"}
}
